INFO:sim:172 - Generating IP...
Applying current project options...
Finished applying current project options.
WARNING:sim - A core named 'musicStorage' already exists in the project. Output
   products for this core may be overwritten.
Resolving generics for 'musicStorage'...
WARNING:sim - A core named 'musicStorage' already exists in the project. Output
   products for this core may be overwritten.
Applying external generics to 'musicStorage'...
Delivering associated files for 'musicStorage'...
Delivering EJava files for 'musicStorage'...
Generating implementation netlist for 'musicStorage'...
INFO:sim - Pre-processing HDL files for 'musicStorage'...
Running synthesis for 'musicStorage'
Running ngcbuild...
Writing VHO instantiation template for 'musicStorage'...
Writing VHDL behavioral simulation model for 'musicStorage'...
WARNING:sim - Overwriting existing file /home/elli/Documents/Dropbox/The Cooper
   Union/Senior
   Project/FPGA/sineWave/ipcore_dir/tmp/_cg/musicStorage/doc/blk_mem_gen_v7_3_vi
   nfo.html with file from view xilinx_documentation
Delivered 1 file into directory /home/elli/Documents/Dropbox/The Cooper
Union/Senior Project/FPGA/sineWave/ipcore_dir/tmp/_cg/musicStorage
Generating ASY schematic symbol...
INFO:sim:949 - Finished generation of ASY schematic symbol.
Generating SYM schematic symbol for 'musicStorage'...
Generating metadata file...
Regenerating ISE project file for 'musicStorage'...
Generating ISE project...
XCO file found: musicStorage.xco
XMDF file found: musicStorage_xmdf.tcl
Adding /home/elli/Documents/Dropbox/The Cooper Union/Senior
Project/FPGA/sineWave/ipcore_dir/tmp/_cg/musicStorage.asy -view all -origin_type
imported
Adding /home/elli/Documents/Dropbox/The Cooper Union/Senior
Project/FPGA/sineWave/ipcore_dir/tmp/_cg/musicStorage.ngc -view all -origin_type
created
Checking file "/home/elli/Documents/Dropbox/The Cooper Union/Senior
Project/FPGA/sineWave/ipcore_dir/tmp/_cg/musicStorage.ngc" for project device
match ...
File "/home/elli/Documents/Dropbox/The Cooper Union/Senior
Project/FPGA/sineWave/ipcore_dir/tmp/_cg/musicStorage.ngc" device information
matches project device.
Adding /home/elli/Documents/Dropbox/The Cooper Union/Senior
Project/FPGA/sineWave/ipcore_dir/tmp/_cg/musicStorage.sym -view all -origin_type
imported
Adding /home/elli/Documents/Dropbox/The Cooper Union/Senior
Project/FPGA/sineWave/ipcore_dir/tmp/_cg/musicStorage.vhd -view all -origin_type
created
INFO:HDLCompiler:1061 - Parsing VHDL file "/home/elli/Documents/Dropbox/The
   Cooper Union/Senior
   Project/FPGA/sineWave/ipcore_dir/tmp/_cg/musicStorage.vhd" into library work
INFO:ProjectMgmt - Parsing design hierarchy completed successfully.
Adding /home/elli/Documents/Dropbox/The Cooper Union/Senior
Project/FPGA/sineWave/ipcore_dir/tmp/_cg/musicStorage.vho -view all -origin_type
imported
INFO:TclTasksC:2116 - The automatic calculation of top has been turned-off.
   Please set the new top explicitly by running the "project set top" command.
   To re-calculate the new top automatically, set the "Auto Implementation Top"
   property to true.
Top level has been set to "/musicStorage"
Generating README file...
Generating FLIST file...
INFO:sim:948 - Finished FLIST file generation.
Launching README viewer...
Moving files to output directory...
Finished moving files to output directory
Wrote CGP file for project 'musicStorage'.
