Release 14.7 - ngc2edif P.20131013 (lin64)
Copyright (c) 1995-2013 Xilinx, Inc.  All rights reserved.
Reading design main.ngc ...
WARNING:NetListWriters:298 - No output is written to main.xncf, ignored.
Processing design ...
   Preping design's networks ...
   Preping design's macros ...
  finished :Prep
Writing EDIF netlist file main.edif ...
ngc2edif: Total memory usage is 104532 kilobytes

Release 14.7 - ngc2edif P.20131013 (lin64)
Copyright (c) 1995-2013 Xilinx, Inc.  All rights reserved.
Reading design FIR.ngc ...
WARNING:NetListWriters:298 - No output is written to FIR.xncf, ignored.
Processing design ...
   Preping design's networks ...
   Preping design's macros ...
  finished :Prep
Writing EDIF netlist file FIR.edif ...
ngc2edif: Total memory usage is 104768 kilobytes

Release 14.7 - ngc2edif P.20131013 (lin64)
Copyright (c) 1995-2013 Xilinx, Inc.  All rights reserved.
Reading design musicStorage.ngc ...
WARNING:NetListWriters:298 - No output is written to musicStorage.xncf, ignored.
Processing design ...
   Preping design's networks ...
   Preping design's macros ...
  finished :Prep
Writing EDIF netlist file musicStorage.edif ...
ngc2edif: Total memory usage is 104688 kilobytes

