Release 14.7 - xst P.20131013 (lin64)
Copyright (c) 1995-2013 Xilinx, Inc.  All rights reserved.
--> 
Parameter TMPDIR set to xst/projnav.tmp


Total REAL time to Xst completion: 0.00 secs
Total CPU time to Xst completion: 0.08 secs
 
--> 
Parameter xsthdpdir set to xst


Total REAL time to Xst completion: 0.00 secs
Total CPU time to Xst completion: 0.08 secs
 
--> 
Reading design: FlashyLights.prj

TABLE OF CONTENTS
  1) Synthesis Options Summary
  2) HDL Parsing
  3) HDL Elaboration
  4) HDL Synthesis
       4.1) HDL Synthesis Report
  5) Advanced HDL Synthesis
       5.1) Advanced HDL Synthesis Report
  6) Low Level Synthesis
  7) Partition Report
  8) Design Summary
       8.1) Primitive and Black Box Usage
       8.2) Device utilization summary
       8.3) Partition Resource Summary
       8.4) Timing Report
            8.4.1) Clock Information
            8.4.2) Asynchronous Control Signals Information
            8.4.3) Timing Summary
            8.4.4) Timing Details
            8.4.5) Cross Clock Domains Report


=========================================================================
*                      Synthesis Options Summary                        *
=========================================================================
---- Source Parameters
Input File Name                    : "FlashyLights.prj"
Ignore Synthesis Constraint File   : NO

---- Target Parameters
Output File Name                   : "FlashyLights"
Output Format                      : NGC
Target Device                      : xc6slx9-2-tqg144

---- Source Options
Top Module Name                    : FlashyLights
Automatic FSM Extraction           : YES
FSM Encoding Algorithm             : Auto
Safe Implementation                : No
FSM Style                          : LUT
RAM Extraction                     : Yes
RAM Style                          : Auto
ROM Extraction                     : Yes
Shift Register Extraction          : YES
ROM Style                          : Auto
Resource Sharing                   : YES
Asynchronous To Synchronous        : NO
Shift Register Minimum Size        : 2
Use DSP Block                      : Auto
Automatic Register Balancing       : No

---- Target Options
LUT Combining                      : Auto
Reduce Control Sets                : Auto
Add IO Buffers                     : YES
Global Maximum Fanout              : 100000
Add Generic Clock Buffer(BUFG)     : 16
Register Duplication               : YES
Optimize Instantiated Primitives   : NO
Use Clock Enable                   : Auto
Use Synchronous Set                : Auto
Use Synchronous Reset              : Auto
Pack IO Registers into IOBs        : Auto
Equivalent register Removal        : YES

---- General Options
Optimization Goal                  : Speed
Optimization Effort                : 1
Power Reduction                    : NO
Keep Hierarchy                     : No
Netlist Hierarchy                  : As_Optimized
RTL Output                         : Yes
Global Optimization                : AllClockNets
Read Cores                         : YES
Write Timing Constraints           : NO
Cross Clock Analysis               : NO
Hierarchy Separator                : /
Bus Delimiter                      : <>
Case Specifier                     : Maintain
Slice Utilization Ratio            : 100
BRAM Utilization Ratio             : 100
DSP48 Utilization Ratio            : 100
Auto BRAM Packing                  : NO
Slice Utilization Ratio Delta      : 5

---- Other Options
Cores Search Directories           : {"ipcore_dir"  }

=========================================================================


=========================================================================
*                          HDL Parsing                                  *
=========================================================================
Parsing VHDL file "/home/elli/Documents/flashylights/ipcore_dir/counter30.vhd" into library work
Parsing entity <counter30>.
Parsing architecture <counter30_a> of entity <counter30>.
Parsing VHDL file "/home/elli/Documents/flashylights/ipcore_dir/memory.vhd" into library work
Parsing entity <memory>.
Parsing architecture <memory_a> of entity <memory>.
Parsing VHDL file "/home/elli/Documents/flashylights/FlashyLights.vhd" into library work
Parsing entity <FlashyLights>.
Parsing architecture <Behavioral> of entity <flashylights>.

=========================================================================
*                            HDL Elaboration                            *
=========================================================================

Elaborating entity <FlashyLights> (architecture <Behavioral>) from library <work>.

Elaborating entity <counter30> (architecture <counter30_a>) from library <work>.

Elaborating entity <memory> (architecture <memory_a>) from library <work>.

=========================================================================
*                           HDL Synthesis                               *
=========================================================================

Synthesizing Unit <FlashyLights>.
    Related source file is "/home/elli/Documents/flashylights/FlashyLights.vhd".
    Summary:
	no macro.
Unit <FlashyLights> synthesized.

=========================================================================
HDL Synthesis Report

Found no macro
=========================================================================

=========================================================================
*                       Advanced HDL Synthesis                          *
=========================================================================

Reading core <ipcore_dir/counter30.ngc>.
Reading Secure Unit <blk00000001>.
Reading core <ipcore_dir/memory.ngc>.
Loading core <counter30> for timing and area information for instance <addr_counter>.
Loading core <memory> for timing and area information for instance <rom_memory>.

=========================================================================
Advanced HDL Synthesis Report

Found no macro
=========================================================================

=========================================================================
*                         Low Level Synthesis                           *
=========================================================================

Optimizing unit <FlashyLights> ...

Mapping all equations...
Building and optimizing final netlist ...
Found area constraint ratio of 100 (+ 5) on block FlashyLights, actual ratio is 0.

Final Macro Processing ...

=========================================================================
Final Register Report

Found no macro
=========================================================================

=========================================================================
*                           Partition Report                            *
=========================================================================

Partition Implementation Status
-------------------------------

  No Partitions were found in this design.

-------------------------------

=========================================================================
*                            Design Summary                             *
=========================================================================

Top Level Output File Name         : FlashyLights.ngc

Primitive and Black Box Usage:
------------------------------
# BELS                             : 93
#      GND                         : 3
#      INV                         : 1
#      LUT1                        : 28
#      MUXCY                       : 29
#      VCC                         : 2
#      XORCY                       : 30
# FlipFlops/Latches                : 30
#      FD                          : 30
# RAMS                             : 1
#      RAMB16BWER                  : 1
# Clock Buffers                    : 1
#      BUFGP                       : 1
# IO Buffers                       : 8
#      OBUF                        : 8

Device utilization summary:
---------------------------

Selected Device : 6slx9tqg144-2 


Slice Logic Utilization: 
 Number of Slice Registers:              30  out of  11440     0%  
 Number of Slice LUTs:                   29  out of   5720     0%  
    Number used as Logic:                29  out of   5720     0%  

Slice Logic Distribution: 
 Number of LUT Flip Flop pairs used:     59
   Number with an unused Flip Flop:      29  out of     59    49%  
   Number with an unused LUT:            30  out of     59    50%  
   Number of fully used LUT-FF pairs:     0  out of     59     0%  
   Number of unique control sets:         0

IO Utilization: 
 Number of IOs:                           9
 Number of bonded IOBs:                   9  out of    102     8%  

Specific Feature Utilization:
 Number of Block RAM/FIFO:                1  out of     32     3%  
    Number using Block RAM only:          1
 Number of BUFG/BUFGCTRLs:                1  out of     16     6%  

---------------------------
Partition Resource Summary:
---------------------------

  No Partitions were found in this design.

---------------------------


=========================================================================
Timing Report

NOTE: THESE TIMING NUMBERS ARE ONLY A SYNTHESIS ESTIMATE.
      FOR ACCURATE TIMING INFORMATION PLEASE REFER TO THE TRACE REPORT
      GENERATED AFTER PLACE-and-ROUTE.

Clock Information:
------------------
-----------------------------------+-------------------------------------------------------------------------------------------------------------------------------------+-------+
Clock Signal                       | Clock buffer(FF name)                                                                                                               | Load  |
-----------------------------------+-------------------------------------------------------------------------------------------------------------------------------------+-------+
clk                                | BUFGP                                                                                                                               | 31    |
rom_memory/N1                      | NONE(rom_memory/U0/xst_blk_mem_generator/gnativebmg.native_blk_mem_gen/valid.cstr/ramloop[0].ram.r/s6_init.ram/SP.SIMPLE_PRIM18.ram)| 1     |
-----------------------------------+-------------------------------------------------------------------------------------------------------------------------------------+-------+
INFO:Xst:2169 - HDL ADVISOR - Some clock signals were not automatically buffered by XST with BUFG/BUFR resources. Please use the buffer_type constraint in order to insert these buffers to the clock signals to help prevent skew problems.

Asynchronous Control Signals Information:
----------------------------------------
No asynchronous control signals found in this design

Timing Summary:
---------------
Speed Grade: -2

   Minimum period: 2.607ns (Maximum Frequency: 383.582MHz)
   Minimum input arrival time before clock: No path found
   Maximum output required time after clock: 5.693ns
   Maximum combinational path delay: No path found

Timing Details:
---------------
All values displayed in nanoseconds (ns)

=========================================================================
Timing constraint: Default period analysis for Clock 'clk'
  Clock period: 2.607ns (frequency: 383.582MHz)
  Total number of paths / destination ports: 476 / 41
-------------------------------------------------------------------------
Delay:               2.607ns (Levels of Logic = 31)
  Source:            sec_inst (FF)
  Destination:       sec_inst (FF)
  Source Clock:      clk rising
  Destination Clock: clk rising

  Data Path: sec_inst to sec_inst
                                Gate     Net
    Cell:in->out      fanout   Delay   Delay  Logical Name (Net Name)
    ----------------------------------------  ------------
     SEC:C->out            1   0.525   0.681  sec_inst (sec_net)
     SEC:in->out           1   0.255   0.000  sec_inst (sec_net)
     SEC:in->out           1   0.215   0.000  sec_inst (sec_net)
     SEC:in->out           1   0.023   0.000  sec_inst (sec_net)
     SEC:in->out           1   0.023   0.000  sec_inst (sec_net)
     SEC:in->out           1   0.023   0.000  sec_inst (sec_net)
     SEC:in->out           1   0.023   0.000  sec_inst (sec_net)
     SEC:in->out           1   0.023   0.000  sec_inst (sec_net)
     SEC:in->out           1   0.023   0.000  sec_inst (sec_net)
     SEC:in->out           1   0.023   0.000  sec_inst (sec_net)
     SEC:in->out           1   0.023   0.000  sec_inst (sec_net)
     SEC:in->out           1   0.023   0.000  sec_inst (sec_net)
     SEC:in->out           1   0.023   0.000  sec_inst (sec_net)
     SEC:in->out           1   0.023   0.000  sec_inst (sec_net)
     SEC:in->out           1   0.023   0.000  sec_inst (sec_net)
     SEC:in->out           1   0.023   0.000  sec_inst (sec_net)
     SEC:in->out           1   0.023   0.000  sec_inst (sec_net)
     SEC:in->out           1   0.023   0.000  sec_inst (sec_net)
     SEC:in->out           1   0.023   0.000  sec_inst (sec_net)
     SEC:in->out           1   0.023   0.000  sec_inst (sec_net)
     SEC:in->out           1   0.023   0.000  sec_inst (sec_net)
     SEC:in->out           1   0.023   0.000  sec_inst (sec_net)
     SEC:in->out           1   0.023   0.000  sec_inst (sec_net)
     SEC:in->out           1   0.023   0.000  sec_inst (sec_net)
     SEC:in->out           1   0.023   0.000  sec_inst (sec_net)
     SEC:in->out           1   0.023   0.000  sec_inst (sec_net)
     SEC:in->out           1   0.023   0.000  sec_inst (sec_net)
     SEC:in->out           1   0.023   0.000  sec_inst (sec_net)
     SEC:in->out           1   0.023   0.000  sec_inst (sec_net)
     SEC:in->out           1   0.023   0.000  sec_inst (sec_net)
     SEC:in->out           0   0.023   0.000  sec_inst (sec_net)
     SEC:in->out           1   0.206   0.000  sec_inst (sec_net)
     SEC:in                    0.074          sec_inst
    ----------------------------------------
    Total                      2.607ns (1.926ns logic, 0.681ns route)
                                       (73.9% logic, 26.1% route)

=========================================================================
Timing constraint: Default OFFSET OUT AFTER for Clock 'clk'
  Total number of paths / destination ports: 8 / 8
-------------------------------------------------------------------------
Offset:              5.693ns (Levels of Logic = 2)
  Source:            rom_memory/U0/xst_blk_mem_generator/gnativebmg.native_blk_mem_gen/valid.cstr/ramloop[0].ram.r/s6_init.ram/SP.SIMPLE_PRIM18.ram (RAM)
  Destination:       LEDs<7> (PAD)
  Source Clock:      clk rising

  Data Path: rom_memory/U0/xst_blk_mem_generator/gnativebmg.native_blk_mem_gen/valid.cstr/ramloop[0].ram.r/s6_init.ram/SP.SIMPLE_PRIM18.ram to LEDs<7>
                                Gate     Net
    Cell:in->out      fanout   Delay   Delay  Logical Name (Net Name)
    ----------------------------------------  ------------
     RAMB16BWER:CLKA->DOA7    1   2.100   0.681  U0/xst_blk_mem_generator/gnativebmg.native_blk_mem_gen/valid.cstr/ramloop[0].ram.r/s6_init.ram/SP.SIMPLE_PRIM18.ram (douta<7>)
     end scope: 'rom_memory:douta<7>'
     OBUF:I->O                 2.912          LEDs_7_OBUF (LEDs<7>)
    ----------------------------------------
    Total                      5.693ns (5.012ns logic, 0.681ns route)
                                       (88.0% logic, 12.0% route)

=========================================================================

Cross Clock Domains Report:
--------------------------

Clock to Setup on destination clock clk
---------------+---------+---------+---------+---------+
               | Src:Rise| Src:Fall| Src:Rise| Src:Fall|
Source Clock   |Dest:Rise|Dest:Rise|Dest:Fall|Dest:Fall|
---------------+---------+---------+---------+---------+
clk            |    2.607|         |         |         |
---------------+---------+---------+---------+---------+

=========================================================================


Total REAL time to Xst completion: 8.00 secs
Total CPU time to Xst completion: 8.68 secs
 
--> 


Total memory usage is 384096 kilobytes

Number of errors   :    0 (   0 filtered)
Number of warnings :    0 (   0 filtered)
Number of infos    :    1 (   0 filtered)

