Release 14.7 - xst P.20131013 (lin64)
Copyright (c) 1995-2013 Xilinx, Inc.  All rights reserved.
--> 
Parameter TMPDIR set to xst/projnav.tmp


Total REAL time to Xst completion: 0.00 secs
Total CPU time to Xst completion: 0.06 secs
 
--> 
Parameter xsthdpdir set to xst


Total REAL time to Xst completion: 0.00 secs
Total CPU time to Xst completion: 0.06 secs
 
--> 
Reading design: fir_4tap.prj

TABLE OF CONTENTS
  1) Synthesis Options Summary
  2) HDL Parsing
  3) HDL Elaboration
  4) HDL Synthesis
       4.1) HDL Synthesis Report
  5) Advanced HDL Synthesis
       5.1) Advanced HDL Synthesis Report
  6) Low Level Synthesis
  7) Partition Report
  8) Design Summary
       8.1) Primitive and Black Box Usage
       8.2) Device utilization summary
       8.3) Partition Resource Summary
       8.4) Timing Report
            8.4.1) Clock Information
            8.4.2) Asynchronous Control Signals Information
            8.4.3) Timing Summary
            8.4.4) Timing Details
            8.4.5) Cross Clock Domains Report


=========================================================================
*                      Synthesis Options Summary                        *
=========================================================================
---- Source Parameters
Input File Name                    : "fir_4tap.prj"
Ignore Synthesis Constraint File   : NO

---- Target Parameters
Output File Name                   : "fir_4tap"
Output Format                      : NGC
Target Device                      : xc6slx9-2-tqg144

---- Source Options
Top Module Name                    : fir_4tap
Automatic FSM Extraction           : YES
FSM Encoding Algorithm             : Auto
Safe Implementation                : No
FSM Style                          : LUT
RAM Extraction                     : Yes
RAM Style                          : Auto
ROM Extraction                     : Yes
Shift Register Extraction          : YES
ROM Style                          : Auto
Resource Sharing                   : YES
Asynchronous To Synchronous        : NO
Shift Register Minimum Size        : 2
Use DSP Block                      : Auto
Automatic Register Balancing       : No

---- Target Options
LUT Combining                      : Auto
Reduce Control Sets                : Auto
Add IO Buffers                     : YES
Global Maximum Fanout              : 100000
Add Generic Clock Buffer(BUFG)     : 16
Register Duplication               : YES
Optimize Instantiated Primitives   : NO
Use Clock Enable                   : Auto
Use Synchronous Set                : Auto
Use Synchronous Reset              : Auto
Pack IO Registers into IOBs        : Auto
Equivalent register Removal        : YES

---- General Options
Optimization Goal                  : Speed
Optimization Effort                : 1
Power Reduction                    : NO
Keep Hierarchy                     : No
Netlist Hierarchy                  : As_Optimized
RTL Output                         : Yes
Global Optimization                : AllClockNets
Read Cores                         : YES
Write Timing Constraints           : NO
Cross Clock Analysis               : NO
Hierarchy Separator                : /
Bus Delimiter                      : <>
Case Specifier                     : Maintain
Slice Utilization Ratio            : 100
BRAM Utilization Ratio             : 100
DSP48 Utilization Ratio            : 100
Auto BRAM Packing                  : NO
Slice Utilization Ratio Delta      : 5

=========================================================================


=========================================================================
*                          HDL Parsing                                  *
=========================================================================
Parsing VHDL file "/home/elli/Documents/Dropbox/The Cooper Union/Senior Project/FPGA/FIR/DFF.vhd" into library work
Parsing entity <DFF>.
Parsing architecture <Behavioral> of entity <dff>.
Parsing VHDL file "/home/elli/Documents/Dropbox/The Cooper Union/Senior Project/FPGA/FIR/fir_4tap.vhd" into library work
Parsing entity <fir_4tap>.
Parsing architecture <Behavioral> of entity <fir_4tap>.

=========================================================================
*                            HDL Elaboration                            *
=========================================================================

Elaborating entity <fir_4tap> (architecture <Behavioral>) from library <work>.

Elaborating entity <DFF> (architecture <Behavioral>) from library <work>.

=========================================================================
*                           HDL Synthesis                               *
=========================================================================

Synthesizing Unit <fir_4tap>.
    Related source file is "/home/elli/Documents/Dropbox/The Cooper Union/Senior Project/FPGA/FIR/fir_4tap.vhd".
    Found 16-bit register for signal <Y>.
    Found 16-bit adder for signal <add_out1> created at line 61.
    Found 16-bit adder for signal <add_out2> created at line 62.
    Found 16-bit adder for signal <add_out3> created at line 63.
    Found 8x8-bit multiplier for signal <MCM3> created at line 55.
    Found 8x8-bit multiplier for signal <MCM2> created at line 56.
    Found 8x8-bit multiplier for signal <MCM1> created at line 57.
    Found 8x8-bit multiplier for signal <MCM0> created at line 58.
    Summary:
	inferred   4 Multiplier(s).
	inferred   3 Adder/Subtractor(s).
	inferred  16 D-type flip-flop(s).
Unit <fir_4tap> synthesized.

Synthesizing Unit <DFF>.
    Related source file is "/home/elli/Documents/Dropbox/The Cooper Union/Senior Project/FPGA/FIR/DFF.vhd".
    Found 16-bit register for signal <qt>.
    Summary:
	inferred  16 D-type flip-flop(s).
Unit <DFF> synthesized.

=========================================================================
HDL Synthesis Report

Macro Statistics
# Multipliers                                          : 4
 8x8-bit multiplier                                    : 4
# Adders/Subtractors                                   : 3
 16-bit adder                                          : 3
# Registers                                            : 4
 16-bit register                                       : 4

=========================================================================

=========================================================================
*                       Advanced HDL Synthesis                          *
=========================================================================


Synthesizing (advanced) Unit <fir_4tap>.
	Multiplier <Mmult_MCM0> in block <fir_4tap> and adder/subtractor <Madd_add_out3> in block <fir_4tap> are combined into a MAC<Maddsub_MCM0>.
	The following registers are also absorbed by the MAC: <Y> in block <fir_4tap>.
	Multiplier <Mmult_MCM1> in block <fir_4tap> and adder/subtractor <Madd_add_out2> in block <fir_4tap> are combined into a MAC<Maddsub_MCM1>.
	The following registers are also absorbed by the MAC: <dff3/qt> in block <fir_4tap>.
	Multiplier <Mmult_MCM3> in block <fir_4tap> and adder/subtractor <Madd_add_out1> in block <fir_4tap> are combined into a MAC<Maddsub_MCM3>.
	The following registers are also absorbed by the MAC: <dff1/qt> in block <fir_4tap>, <dff2/qt> in block <fir_4tap>.
Unit <fir_4tap> synthesized (advanced).

=========================================================================
Advanced HDL Synthesis Report

Macro Statistics
# MACs                                                 : 3
 2x8-to-16-bit MAC                                     : 2
 4x8-to-16-bit MAC                                     : 1
# Multipliers                                          : 1
 3x8-bit multiplier                                    : 1

=========================================================================

=========================================================================
*                         Low Level Synthesis                           *
=========================================================================

Optimizing unit <fir_4tap> ...

Mapping all equations...
Building and optimizing final netlist ...
Found area constraint ratio of 100 (+ 5) on block fir_4tap, actual ratio is 0.

Final Macro Processing ...

=========================================================================
Final Register Report

Found no macro
=========================================================================

=========================================================================
*                           Partition Report                            *
=========================================================================

Partition Implementation Status
-------------------------------

  No Partitions were found in this design.

-------------------------------

=========================================================================
*                            Design Summary                             *
=========================================================================

Top Level Output File Name         : fir_4tap.ngc

Primitive and Black Box Usage:
------------------------------
# BELS                             : 2
#      GND                         : 1
#      VCC                         : 1
# Clock Buffers                    : 1
#      BUFGP                       : 1
# IO Buffers                       : 24
#      IBUF                        : 8
#      OBUF                        : 16
# DSPs                             : 4
#      DSP48A1                     : 4

Device utilization summary:
---------------------------

Selected Device : 6slx9tqg144-2 


Slice Logic Utilization: 

Slice Logic Distribution: 
 Number of LUT Flip Flop pairs used:      0
   Number with an unused Flip Flop:       0  out of      0         
   Number with an unused LUT:             0  out of      0         
   Number of fully used LUT-FF pairs:     0  out of      0         
   Number of unique control sets:         0

IO Utilization: 
 Number of IOs:                          25
 Number of bonded IOBs:                  25  out of    102    24%  

Specific Feature Utilization:
 Number of BUFG/BUFGCTRLs:                1  out of     16     6%  
 Number of DSP48A1s:                      4  out of     16    25%  

---------------------------
Partition Resource Summary:
---------------------------

  No Partitions were found in this design.

---------------------------


=========================================================================
Timing Report

NOTE: THESE TIMING NUMBERS ARE ONLY A SYNTHESIS ESTIMATE.
      FOR ACCURATE TIMING INFORMATION PLEASE REFER TO THE TRACE REPORT
      GENERATED AFTER PLACE-and-ROUTE.

Clock Information:
------------------
-----------------------------------+------------------------+-------+
Clock Signal                       | Clock buffer(FF name)  | Load  |
-----------------------------------+------------------------+-------+
clk                                | BUFGP                  | 3     |
-----------------------------------+------------------------+-------+

Asynchronous Control Signals Information:
----------------------------------------
No asynchronous control signals found in this design

Timing Summary:
---------------
Speed Grade: -2

   Minimum period: 2.645ns (Maximum Frequency: 378.072MHz)
   Minimum input arrival time before clock: 9.921ns
   Maximum output required time after clock: 4.925ns
   Maximum combinational path delay: No path found

Timing Details:
---------------
All values displayed in nanoseconds (ns)

=========================================================================
Timing constraint: Default period analysis for Clock 'clk'
  Clock period: 2.645ns (frequency: 378.072MHz)
  Total number of paths / destination ports: 96 / 96
-------------------------------------------------------------------------
Delay:               2.645ns (Levels of Logic = 0)
  Source:            Maddsub_MCM3 (DSP)
  Destination:       Maddsub_MCM1 (DSP)
  Source Clock:      clk rising
  Destination Clock: clk rising

  Data Path: Maddsub_MCM3 to Maddsub_MCM1
                                Gate     Net
    Cell:in->out      fanout   Delay   Delay  Logical Name (Net Name)
    ----------------------------------------  ------------
     DSP48A1:CLK->PCOUT47    1   1.000   0.000  Maddsub_MCM3 (Maddsub_MCM3_PCOUT_to_Maddsub_MCM1_PCIN_47)
     DSP48A1:PCIN47            1.645          Maddsub_MCM1
    ----------------------------------------
    Total                      2.645ns (2.645ns logic, 0.000ns route)
                                       (100.0% logic, 0.0% route)

=========================================================================
Timing constraint: Default OFFSET IN BEFORE for Clock 'clk'
  Total number of paths / destination ports: 918 / 102
-------------------------------------------------------------------------
Offset:              9.921ns (Levels of Logic = 2)
  Source:            X<7> (PAD)
  Destination:       Maddsub_MCM3 (DSP)
  Destination Clock: clk rising

  Data Path: X<7> to Maddsub_MCM3
                                Gate     Net
    Cell:in->out      fanout   Delay   Delay  Logical Name (Net Name)
    ----------------------------------------  ------------
     IBUF:I->O            44   1.328   1.720  X_7_IBUF (X_7_IBUF)
     DSP48A1:A7->PCOUT47    1   5.228   0.000  Mmult_MCM2 (Mmult_MCM2_PCOUT_to_Maddsub_MCM3_PCIN_47)
     DSP48A1:PCIN47            1.645          Maddsub_MCM3
    ----------------------------------------
    Total                      9.921ns (8.201ns logic, 1.720ns route)
                                       (82.7% logic, 17.3% route)

=========================================================================
Timing constraint: Default OFFSET OUT AFTER for Clock 'clk'
  Total number of paths / destination ports: 16 / 16
-------------------------------------------------------------------------
Offset:              4.925ns (Levels of Logic = 1)
  Source:            Maddsub_MCM0 (DSP)
  Destination:       Y<15> (PAD)
  Source Clock:      clk rising

  Data Path: Maddsub_MCM0 to Y<15>
                                Gate     Net
    Cell:in->out      fanout   Delay   Delay  Logical Name (Net Name)
    ----------------------------------------  ------------
     DSP48A1:CLK->P15      1   1.332   0.681  Maddsub_MCM0 (Y_15_OBUF)
     OBUF:I->O                 2.912          Y_15_OBUF (Y<15>)
    ----------------------------------------
    Total                      4.925ns (4.244ns logic, 0.681ns route)
                                       (86.2% logic, 13.8% route)

=========================================================================

Cross Clock Domains Report:
--------------------------

Clock to Setup on destination clock clk
---------------+---------+---------+---------+---------+
               | Src:Rise| Src:Fall| Src:Rise| Src:Fall|
Source Clock   |Dest:Rise|Dest:Rise|Dest:Fall|Dest:Fall|
---------------+---------+---------+---------+---------+
clk            |    2.645|         |         |         |
---------------+---------+---------+---------+---------+

=========================================================================


Total REAL time to Xst completion: 18.00 secs
Total CPU time to Xst completion: 8.92 secs
 
--> 


Total memory usage is 392448 kilobytes

Number of errors   :    0 (   0 filtered)
Number of warnings :    0 (   0 filtered)
Number of infos    :    0 (   0 filtered)

